I, [2025-03-10T15:08:50.391727 #4541]  INFO -- default-ubuntu-2004: -----> Converging <default-ubuntu-2004>...
I, [2025-03-10T15:08:50.437194 #4541]  INFO -- default-ubuntu-2004: Preparing files for transfer
I, [2025-03-10T15:08:50.437500 #4541]  INFO -- default-ubuntu-2004: Policy lock file doesn't exist, running `/home/ubuntu/kitchen-kvm-test/.bundle/ruby/3.1.0/bin/chef-cli install` for Policyfile /home/ubuntu/cookbooks/test/Policyfile.rb...
I, [2025-03-10T15:08:50.898755 #4541]  INFO -- default-ubuntu-2004: Building policy test
I, [2025-03-10T15:08:50.898816 #4541]  INFO -- default-ubuntu-2004: Expanded run list: recipe[test::default]
I, [2025-03-10T15:08:50.898830 #4541]  INFO -- default-ubuntu-2004: Caching Cookbooks...
I, [2025-03-10T15:08:50.898841 #4541]  INFO -- default-ubuntu-2004: Installing test >= 0.0.0 from path
I, [2025-03-10T15:08:53.539370 #4541]  INFO -- default-ubuntu-2004: 
I, [2025-03-10T15:08:53.539421 #4541]  INFO -- default-ubuntu-2004: Lockfile written to /home/ubuntu/cookbooks/test/Policyfile.lock.json
I, [2025-03-10T15:08:53.539438 #4541]  INFO -- default-ubuntu-2004: Policy revision id: 37436e4ff2e4a7e0f8f27a50ca01c93801f2e105270500aa8205101013455284
I, [2025-03-10T15:08:53.555731 #4541]  INFO -- default-ubuntu-2004: Updating policy lock using `/home/ubuntu/kitchen-kvm-test/.bundle/ruby/3.1.0/bin/chef-cli update`
I, [2025-03-10T15:08:54.014953 #4541]  INFO -- default-ubuntu-2004: Building policy test
I, [2025-03-10T15:08:54.015006 #4541]  INFO -- default-ubuntu-2004: Expanded run list: recipe[test::default]
I, [2025-03-10T15:08:54.015089 #4541]  INFO -- default-ubuntu-2004: Caching Cookbooks...
I, [2025-03-10T15:08:54.015101 #4541]  INFO -- default-ubuntu-2004: Installing test >= 0.0.0 from path
I, [2025-03-10T15:08:56.598048 #4541]  INFO -- default-ubuntu-2004: 
I, [2025-03-10T15:08:56.598116 #4541]  INFO -- default-ubuntu-2004: Lockfile written to /home/ubuntu/cookbooks/test/Policyfile.lock.json
I, [2025-03-10T15:08:56.598133 #4541]  INFO -- default-ubuntu-2004: Policy revision id: 37436e4ff2e4a7e0f8f27a50ca01c93801f2e105270500aa8205101013455284
I, [2025-03-10T15:08:56.615835 #4541]  INFO -- default-ubuntu-2004: Preparing dna.json
I, [2025-03-10T15:08:56.616206 #4541]  INFO -- default-ubuntu-2004: Exporting cookbook dependencies from Policyfile /tmp/default-ubuntu-2004-sandbox-20250310-4541-4qf1qx using `/home/ubuntu/kitchen-kvm-test/.bundle/ruby/3.1.0/bin/chef-cli export`...
I, [2025-03-10T15:08:57.090717 #4541]  INFO -- default-ubuntu-2004: Exported policy 'test' to /tmp/default-ubuntu-2004-sandbox-20250310-4541-4qf1qx
I, [2025-03-10T15:08:57.090766 #4541]  INFO -- default-ubuntu-2004: 
I, [2025-03-10T15:08:57.090779 #4541]  INFO -- default-ubuntu-2004: To converge this system with the exported policy, run:
I, [2025-03-10T15:08:57.090792 #4541]  INFO -- default-ubuntu-2004:   cd /tmp/default-ubuntu-2004-sandbox-20250310-4541-4qf1qx
I, [2025-03-10T15:08:57.090805 #4541]  INFO -- default-ubuntu-2004:   chef-client -z
I, [2025-03-10T15:08:57.095497 #4541]  INFO -- default-ubuntu-2004: Removing non-cookbook files before transfer
I, [2025-03-10T15:08:57.095747 #4541]  INFO -- default-ubuntu-2004: Preparing validation.pem
I, [2025-03-10T15:08:57.096011 #4541]  INFO -- default-ubuntu-2004: Preparing client.rb
I, [2025-03-10T15:08:57.578541 #4541]  INFO -- default-ubuntu-2004: -----> Chef installation detected (install only if missing)
I, [2025-03-10T15:08:57.586795 #4541]  INFO -- default-ubuntu-2004: Transferring files to <default-ubuntu-2004>
I, [2025-03-10T15:08:58.674799 #4541]  INFO -- default-ubuntu-2004: Chef Infra Client, version 18.6.2
I, [2025-03-10T15:08:58.675048 #4541]  INFO -- default-ubuntu-2004: Patents: https://www.chef.io/patents
I, [2025-03-10T15:08:58.675190 #4541]  INFO -- default-ubuntu-2004: Infra Phase starting
I, [2025-03-10T15:08:59.962282 #4541]  INFO -- default-ubuntu-2004: Using Policyfile 'test' at revision '37436e4ff2e4a7e0f8f27a50ca01c93801f2e105270500aa8205101013455284'
I, [2025-03-10T15:08:59.968099 #4541]  INFO -- default-ubuntu-2004: Resolving cookbooks for run list: ["test::default@0.1.0 (68dae1d)"]
I, [2025-03-10T15:08:59.982188 #4541]  INFO -- default-ubuntu-2004: Synchronizing cookbooks:
I, [2025-03-10T15:08:59.982485 #4541]  INFO -- default-ubuntu-2004:   - test (0.1.0)
I, [2025-03-10T15:08:59.982625 #4541]  INFO -- default-ubuntu-2004: Installing cookbook gem dependencies:
I, [2025-03-10T15:08:59.988105 #4541]  INFO -- default-ubuntu-2004: Compiling cookbooks...
I, [2025-03-10T15:09:00.277823 #4541]  INFO -- default-ubuntu-2004: Loading Chef InSpec profile files:
I, [2025-03-10T15:09:00.278067 #4541]  INFO -- default-ubuntu-2004: Loading Chef InSpec input files:
I, [2025-03-10T15:09:00.286253 #4541]  INFO -- default-ubuntu-2004: Loading Chef InSpec waiver files:
I, [2025-03-10T15:09:00.286431 #4541]  INFO -- default-ubuntu-2004: Converging 1 resources
I, [2025-03-10T15:09:00.293215 #4541]  INFO -- default-ubuntu-2004: Recipe: test::default
I, [2025-03-10T15:09:00.296859 #4541]  INFO -- default-ubuntu-2004:   * file[/tmp/abc.txt] action create (up to date)
I, [2025-03-10T15:09:00.310126 #4541]  INFO -- default-ubuntu-2004: 
I, [2025-03-10T15:09:00.310318 #4541]  INFO -- default-ubuntu-2004: Running handlers:
I, [2025-03-10T15:09:00.310455 #4541]  INFO -- default-ubuntu-2004: Running handlers complete
I, [2025-03-10T15:09:00.310632 #4541]  INFO -- default-ubuntu-2004: Infra Phase complete, 0/1 resources updated in 01 seconds
I, [2025-03-10T15:09:00.319155 #4541]  INFO -- default-ubuntu-2004: Downloading files from <default-ubuntu-2004>
I, [2025-03-10T15:09:00.320517 #4541]  INFO -- default-ubuntu-2004: Finished converging <default-ubuntu-2004> (0m9.93s).
