I, [2025-03-10T12:44:54.991883 #37882]  INFO -- Kitchen: -----> Starting Test Kitchen (v3.5.1)
I, [2025-03-10T12:44:55.055954 #37882]  INFO -- Kitchen: -----> Creating <default-ubuntu-2004>...
I, [2025-03-10T12:45:26.710470 #37882]  INFO -- Kitchen: -----> Converging <default-ubuntu-2004>...
E, [2025-03-10T12:45:43.239432 #37882] ERROR -- Kitchen: ------Exception-------
E, [2025-03-10T12:45:43.239464 #37882] ERROR -- Kitchen: Class: Kitchen::ActionFailed
E, [2025-03-10T12:45:43.239475 #37882] ERROR -- Kitchen: Message: 1 actions failed.
>>>>>>     Converge failed on instance <default-ubuntu-2004>.  Please see .kitchen/logs/default-ubuntu-2004.log for more details
E, [2025-03-10T12:45:43.239485 #37882] ERROR -- Kitchen: ----------------------
E, [2025-03-10T12:45:43.239493 #37882] ERROR -- Kitchen: ------Backtrace-------
E, [2025-03-10T12:45:43.239501 #37882] ERROR -- Kitchen: /home/ubuntu/kitchen-kvm-test/.bundle/ruby/3.0.0/gems/test-kitchen-3.5.1/lib/kitchen/command.rb:181:in `report_errors'
E, [2025-03-10T12:45:43.239510 #37882] ERROR -- Kitchen: /home/ubuntu/kitchen-kvm-test/.bundle/ruby/3.0.0/gems/test-kitchen-3.5.1/lib/kitchen/command.rb:172:in `run_action'
E, [2025-03-10T12:45:43.239519 #37882] ERROR -- Kitchen: /home/ubuntu/kitchen-kvm-test/.bundle/ruby/3.0.0/gems/test-kitchen-3.5.1/lib/kitchen/command/action.rb:35:in `block in call'
E, [2025-03-10T12:45:43.239529 #37882] ERROR -- Kitchen: /usr/lib/ruby/3.0.0/benchmark.rb:293:in `measure'
E, [2025-03-10T12:45:43.239536 #37882] ERROR -- Kitchen: /home/ubuntu/kitchen-kvm-test/.bundle/ruby/3.0.0/gems/test-kitchen-3.5.1/lib/kitchen/command/action.rb:33:in `call'
E, [2025-03-10T12:45:43.239545 #37882] ERROR -- Kitchen: /home/ubuntu/kitchen-kvm-test/.bundle/ruby/3.0.0/gems/test-kitchen-3.5.1/lib/kitchen/cli.rb:52:in `perform'
E, [2025-03-10T12:45:43.239553 #37882] ERROR -- Kitchen: /home/ubuntu/kitchen-kvm-test/.bundle/ruby/3.0.0/gems/test-kitchen-3.5.1/lib/kitchen/cli.rb:198:in `block (2 levels) in <class:CLI>'
E, [2025-03-10T12:45:43.239561 #37882] ERROR -- Kitchen: /home/ubuntu/kitchen-kvm-test/.bundle/ruby/3.0.0/gems/thor-1.3.2/lib/thor/command.rb:28:in `run'
E, [2025-03-10T12:45:43.239569 #37882] ERROR -- Kitchen: /home/ubuntu/kitchen-kvm-test/.bundle/ruby/3.0.0/gems/thor-1.3.2/lib/thor/invocation.rb:127:in `invoke_command'
E, [2025-03-10T12:45:43.239577 #37882] ERROR -- Kitchen: /home/ubuntu/kitchen-kvm-test/.bundle/ruby/3.0.0/gems/thor-1.3.2/lib/thor.rb:538:in `dispatch'
E, [2025-03-10T12:45:43.239585 #37882] ERROR -- Kitchen: /home/ubuntu/kitchen-kvm-test/.bundle/ruby/3.0.0/gems/thor-1.3.2/lib/thor/base.rb:584:in `start'
E, [2025-03-10T12:45:43.239594 #37882] ERROR -- Kitchen: /home/ubuntu/kitchen-kvm-test/.bundle/ruby/3.0.0/gems/test-kitchen-3.5.1/bin/kitchen:11:in `block in <top (required)>'
E, [2025-03-10T12:45:43.239603 #37882] ERROR -- Kitchen: /home/ubuntu/kitchen-kvm-test/.bundle/ruby/3.0.0/gems/test-kitchen-3.5.1/lib/kitchen/errors.rb:183:in `with_friendly_errors'
E, [2025-03-10T12:45:43.239611 #37882] ERROR -- Kitchen: /home/ubuntu/kitchen-kvm-test/.bundle/ruby/3.0.0/gems/test-kitchen-3.5.1/bin/kitchen:11:in `<top (required)>'
E, [2025-03-10T12:45:43.239619 #37882] ERROR -- Kitchen: /home/ubuntu/kitchen-kvm-test/.bundle/ruby/3.0.0/bin/kitchen:25:in `load'
E, [2025-03-10T12:45:43.239626 #37882] ERROR -- Kitchen: /home/ubuntu/kitchen-kvm-test/.bundle/ruby/3.0.0/bin/kitchen:25:in `<main>'
E, [2025-03-10T12:45:43.239634 #37882] ERROR -- Kitchen: ----End Backtrace-----
E, [2025-03-10T12:45:43.239642 #37882] ERROR -- Kitchen: -Composite Exception--
E, [2025-03-10T12:45:43.239651 #37882] ERROR -- Kitchen: Class: Kitchen::InstanceFailure
E, [2025-03-10T12:45:43.239660 #37882] ERROR -- Kitchen: Message: Converge failed on instance <default-ubuntu-2004>.  Please see .kitchen/logs/default-ubuntu-2004.log for more details
E, [2025-03-10T12:45:43.239668 #37882] ERROR -- Kitchen: ----------------------
E, [2025-03-10T12:45:43.239676 #37882] ERROR -- Kitchen: ------Backtrace-------
E, [2025-03-10T12:45:43.239684 #37882] ERROR -- Kitchen: /home/ubuntu/kitchen-kvm-test/.bundle/ruby/3.0.0/gems/test-kitchen-3.5.1/lib/kitchen/provisioner/base.rb:99:in `rescue in call'
E, [2025-03-10T12:45:43.239708 #37882] ERROR -- Kitchen: /home/ubuntu/kitchen-kvm-test/.bundle/ruby/3.0.0/gems/test-kitchen-3.5.1/lib/kitchen/provisioner/base.rb:98:in `call'
E, [2025-03-10T12:45:43.239716 #37882] ERROR -- Kitchen: /home/ubuntu/kitchen-kvm-test/.bundle/ruby/3.0.0/gems/test-kitchen-3.5.1/lib/kitchen/instance.rb:419:in `block in converge_action'
E, [2025-03-10T12:45:43.239724 #37882] ERROR -- Kitchen: /home/ubuntu/kitchen-kvm-test/.bundle/ruby/3.0.0/gems/test-kitchen-3.5.1/lib/kitchen/instance.rb:560:in `block in synchronize_or_call'
E, [2025-03-10T12:45:43.239731 #37882] ERROR -- Kitchen: /home/ubuntu/kitchen-kvm-test/.bundle/ruby/3.0.0/gems/test-kitchen-3.5.1/lib/kitchen/instance.rb:558:in `synchronize'
E, [2025-03-10T12:45:43.239747 #37882] ERROR -- Kitchen: /home/ubuntu/kitchen-kvm-test/.bundle/ruby/3.0.0/gems/test-kitchen-3.5.1/lib/kitchen/instance.rb:558:in `synchronize_or_call'
E, [2025-03-10T12:45:43.239756 #37882] ERROR -- Kitchen: /home/ubuntu/kitchen-kvm-test/.bundle/ruby/3.0.0/gems/test-kitchen-3.5.1/lib/kitchen/instance.rb:524:in `block in action'
E, [2025-03-10T12:45:43.239763 #37882] ERROR -- Kitchen: /usr/lib/ruby/3.0.0/benchmark.rb:293:in `measure'
E, [2025-03-10T12:45:43.239770 #37882] ERROR -- Kitchen: /home/ubuntu/kitchen-kvm-test/.bundle/ruby/3.0.0/gems/test-kitchen-3.5.1/lib/kitchen/instance.rb:523:in `action'
E, [2025-03-10T12:45:43.239780 #37882] ERROR -- Kitchen: /home/ubuntu/kitchen-kvm-test/.bundle/ruby/3.0.0/gems/test-kitchen-3.5.1/lib/kitchen/instance.rb:414:in `converge_action'
E, [2025-03-10T12:45:43.239794 #37882] ERROR -- Kitchen: /home/ubuntu/kitchen-kvm-test/.bundle/ruby/3.0.0/gems/test-kitchen-3.5.1/lib/kitchen/instance.rb:392:in `block (2 levels) in transition_to'
E, [2025-03-10T12:45:43.239803 #37882] ERROR -- Kitchen: /home/ubuntu/kitchen-kvm-test/.bundle/ruby/3.0.0/gems/test-kitchen-3.5.1/lib/kitchen/lifecycle_hooks.rb:47:in `run_with_hooks'
E, [2025-03-10T12:45:43.239811 #37882] ERROR -- Kitchen: /home/ubuntu/kitchen-kvm-test/.bundle/ruby/3.0.0/gems/test-kitchen-3.5.1/lib/kitchen/instance.rb:391:in `block in transition_to'
E, [2025-03-10T12:45:43.239819 #37882] ERROR -- Kitchen: /home/ubuntu/kitchen-kvm-test/.bundle/ruby/3.0.0/gems/test-kitchen-3.5.1/lib/kitchen/instance.rb:390:in `each'
E, [2025-03-10T12:45:43.239827 #37882] ERROR -- Kitchen: /home/ubuntu/kitchen-kvm-test/.bundle/ruby/3.0.0/gems/test-kitchen-3.5.1/lib/kitchen/instance.rb:390:in `transition_to'
E, [2025-03-10T12:45:43.239834 #37882] ERROR -- Kitchen: /home/ubuntu/kitchen-kvm-test/.bundle/ruby/3.0.0/gems/test-kitchen-3.5.1/lib/kitchen/instance.rb:139:in `converge'
E, [2025-03-10T12:45:43.239842 #37882] ERROR -- Kitchen: /home/ubuntu/kitchen-kvm-test/.bundle/ruby/3.0.0/gems/test-kitchen-3.5.1/lib/kitchen/command.rb:195:in `public_send'
E, [2025-03-10T12:45:43.239849 #37882] ERROR -- Kitchen: /home/ubuntu/kitchen-kvm-test/.bundle/ruby/3.0.0/gems/test-kitchen-3.5.1/lib/kitchen/command.rb:195:in `run_action_in_thread'
E, [2025-03-10T12:45:43.239858 #37882] ERROR -- Kitchen: /home/ubuntu/kitchen-kvm-test/.bundle/ruby/3.0.0/gems/test-kitchen-3.5.1/lib/kitchen/command.rb:166:in `block (2 levels) in run_action'
E, [2025-03-10T12:45:43.239865 #37882] ERROR -- Kitchen: ----End Backtrace-----
E, [2025-03-10T12:45:43.239872 #37882] ERROR -- Kitchen: ---Nested Exception---
E, [2025-03-10T12:45:43.239879 #37882] ERROR -- Kitchen: Class: Kitchen::ActionFailed
E, [2025-03-10T12:45:43.239887 #37882] ERROR -- Kitchen: Message: SSH exited (1) for command: [sh -c '
TEST_KITCHEN="1"; export TEST_KITCHEN
sudo -E /opt/chef/bin/chef-solo --config /tmp/kitchen/solo.rb --log_level auto --force-formatter --no-color --json-attributes /tmp/kitchen/dna.json 
']
E, [2025-03-10T12:45:43.239897 #37882] ERROR -- Kitchen: ----------------------
E, [2025-03-10T12:45:43.239905 #37882] ERROR -- Kitchen: ------Backtrace-------
E, [2025-03-10T12:45:43.239911 #37882] ERROR -- Kitchen: /home/ubuntu/kitchen-kvm-test/.bundle/ruby/3.0.0/gems/test-kitchen-3.5.1/lib/kitchen/provisioner/base.rb:99:in `rescue in call'
E, [2025-03-10T12:45:43.239923 #37882] ERROR -- Kitchen: /home/ubuntu/kitchen-kvm-test/.bundle/ruby/3.0.0/gems/test-kitchen-3.5.1/lib/kitchen/provisioner/base.rb:98:in `call'
E, [2025-03-10T12:45:43.239931 #37882] ERROR -- Kitchen: /home/ubuntu/kitchen-kvm-test/.bundle/ruby/3.0.0/gems/test-kitchen-3.5.1/lib/kitchen/instance.rb:419:in `block in converge_action'
E, [2025-03-10T12:45:43.239939 #37882] ERROR -- Kitchen: /home/ubuntu/kitchen-kvm-test/.bundle/ruby/3.0.0/gems/test-kitchen-3.5.1/lib/kitchen/instance.rb:560:in `block in synchronize_or_call'
E, [2025-03-10T12:45:43.239946 #37882] ERROR -- Kitchen: /home/ubuntu/kitchen-kvm-test/.bundle/ruby/3.0.0/gems/test-kitchen-3.5.1/lib/kitchen/instance.rb:558:in `synchronize'
E, [2025-03-10T12:45:43.239953 #37882] ERROR -- Kitchen: /home/ubuntu/kitchen-kvm-test/.bundle/ruby/3.0.0/gems/test-kitchen-3.5.1/lib/kitchen/instance.rb:558:in `synchronize_or_call'
E, [2025-03-10T12:45:43.239960 #37882] ERROR -- Kitchen: /home/ubuntu/kitchen-kvm-test/.bundle/ruby/3.0.0/gems/test-kitchen-3.5.1/lib/kitchen/instance.rb:524:in `block in action'
E, [2025-03-10T12:45:43.239967 #37882] ERROR -- Kitchen: /usr/lib/ruby/3.0.0/benchmark.rb:293:in `measure'
E, [2025-03-10T12:45:43.239974 #37882] ERROR -- Kitchen: /home/ubuntu/kitchen-kvm-test/.bundle/ruby/3.0.0/gems/test-kitchen-3.5.1/lib/kitchen/instance.rb:523:in `action'
E, [2025-03-10T12:45:43.239983 #37882] ERROR -- Kitchen: /home/ubuntu/kitchen-kvm-test/.bundle/ruby/3.0.0/gems/test-kitchen-3.5.1/lib/kitchen/instance.rb:414:in `converge_action'
E, [2025-03-10T12:45:43.239990 #37882] ERROR -- Kitchen: /home/ubuntu/kitchen-kvm-test/.bundle/ruby/3.0.0/gems/test-kitchen-3.5.1/lib/kitchen/instance.rb:392:in `block (2 levels) in transition_to'
E, [2025-03-10T12:45:43.239998 #37882] ERROR -- Kitchen: /home/ubuntu/kitchen-kvm-test/.bundle/ruby/3.0.0/gems/test-kitchen-3.5.1/lib/kitchen/lifecycle_hooks.rb:47:in `run_with_hooks'
E, [2025-03-10T12:45:43.240005 #37882] ERROR -- Kitchen: /home/ubuntu/kitchen-kvm-test/.bundle/ruby/3.0.0/gems/test-kitchen-3.5.1/lib/kitchen/instance.rb:391:in `block in transition_to'
E, [2025-03-10T12:45:43.240012 #37882] ERROR -- Kitchen: /home/ubuntu/kitchen-kvm-test/.bundle/ruby/3.0.0/gems/test-kitchen-3.5.1/lib/kitchen/instance.rb:390:in `each'
E, [2025-03-10T12:45:43.240019 #37882] ERROR -- Kitchen: /home/ubuntu/kitchen-kvm-test/.bundle/ruby/3.0.0/gems/test-kitchen-3.5.1/lib/kitchen/instance.rb:390:in `transition_to'
E, [2025-03-10T12:45:43.240027 #37882] ERROR -- Kitchen: /home/ubuntu/kitchen-kvm-test/.bundle/ruby/3.0.0/gems/test-kitchen-3.5.1/lib/kitchen/instance.rb:139:in `converge'
E, [2025-03-10T12:45:43.240035 #37882] ERROR -- Kitchen: /home/ubuntu/kitchen-kvm-test/.bundle/ruby/3.0.0/gems/test-kitchen-3.5.1/lib/kitchen/command.rb:195:in `public_send'
E, [2025-03-10T12:45:43.240043 #37882] ERROR -- Kitchen: /home/ubuntu/kitchen-kvm-test/.bundle/ruby/3.0.0/gems/test-kitchen-3.5.1/lib/kitchen/command.rb:195:in `run_action_in_thread'
E, [2025-03-10T12:45:43.240050 #37882] ERROR -- Kitchen: /home/ubuntu/kitchen-kvm-test/.bundle/ruby/3.0.0/gems/test-kitchen-3.5.1/lib/kitchen/command.rb:166:in `block (2 levels) in run_action'
E, [2025-03-10T12:45:43.240058 #37882] ERROR -- Kitchen: ----End Backtrace-----
